<?xml version="1.0" encoding="UTF-8"?>
<!-- Generated by org.testng.reporters.JUnitXMLReporter -->
<testsuite ignored="0" hostname="LAPTOP-P7INNGLR" failures="0" tests="2" name="Default test" time="1.864" errors="0" timestamp="2024-11-25T17:49:23 IST">
  <testcase classname="com.ninza.hrm.api.employetest.EmployeeTest" name="addEmployeeTest" time="1.626"/>
  <testcase classname="com.ninza.hrm.api.employetest.EmployeeTest" name="addEmployeewithoutEmailTest" time="0.211"/>
</testsuite> <!-- Default test -->
