<?xml version="1.0" encoding="UTF-8"?>
<!-- Generated by org.testng.reporters.JUnitXMLReporter -->
<testsuite ignored="2" hostname="LAPTOP-P7INNGLR" failures="1" tests="4" name="Test" time="2.328" errors="0" timestamp="2024-11-25T17:52:48 IST">
  <testcase classname="com.ninza.hrm.api.employetest.EmployeeTest" name="addEmployeeTest" time="1.605"/>
  <testcase classname="com.ninza.hrm.api.employetest.EmployeeTest" name="addEmployeewithoutEmailTest" time="0.152"/>
  <testcase classname="com.ninza.hrm.api.projecttest.ProjectTest" name="addSingleProjectWithCreatedTest" time="0.539">
    <failure type="java.lang.NullPointerException" message="Cannot invoke &amp;quot;java.sql.Connection.createStatement()&amp;quot; because &amp;quot;this.con&amp;quot; is null">
      <![CDATA[java.lang.NullPointerException: Cannot invoke "java.sql.Connection.createStatement()" because "this.con" is null
at com.ninza.hrm.api.genericutility.DataBaseUtility.executeQueryVerifyAndGetData(DataBaseUtility.java:55)
at com.ninza.hrm.api.projecttest.ProjectTest.addSingleProjectWithCreatedTest(ProjectTest.java:55)
at java.base/java.util.ArrayList.forEach(ArrayList.java:1596)
... Removed 25 stack frames]]>
    </failure>
  </testcase> <!-- addSingleProjectWithCreatedTest -->
  <testcase classname="com.ninza.hrm.api.projecttest.ProjectTest" name="createDuplicateProjectTest" time="0.0">
    <skipped/>
  </testcase> <!-- createDuplicateProjectTest -->
  <testcase classname="com.ninza.hrm.api.baseclass.BaseApiClass" name="@AfterSuite configAS" time="0.0">
    <ignored/>
  </testcase> <!-- @AfterSuite configAS -->
  <testcase classname="com.ninza.hrm.api.baseclass.BaseApiClass" name="@BeforeSuite configBS" time="0.0">
    <ignored/>
  </testcase> <!-- @BeforeSuite configBS -->
</testsuite> <!-- Test -->
